This is pdfTeX, Version 3.141592653-2.6-1.40.22 (TeX Live 2021) (preloaded format=pdflatex 2021.7.19)  22 MAR 2022 23:23
entering extended mode
 restricted \write18 enabled.
 %&-line parsing enabled.
**main.tex
(./main.tex
LaTeX2e <2020-10-01> patch level 4
L3 programming layer <2021-02-18>
(/usr/local/texlive/2021/texmf-dist/tex/latex/base/article.cls
Document Class: article 2020/04/10 v1.4m Standard LaTeX document class
(/usr/local/texlive/2021/texmf-dist/tex/latex/base/size11.clo
File: size11.clo 2020/04/10 v1.4m Standard LaTeX file (size option)
)
\c@part=\count179
\c@section=\count180
\c@subsection=\count181
\c@subsubsection=\count182
\c@paragraph=\count183
\c@subparagraph=\count184
\c@figure=\count185
\c@table=\count186
\abovecaptionskip=\skip47
\belowcaptionskip=\skip48
\bibindent=\dimen138
)
(/usr/local/texlive/2021/texmf-dist/tex/latex/base/inputenc.sty
Package: inputenc 2020/08/01 v1.3d Input encoding file
\inpenc@prehook=\toks15
\inpenc@posthook=\toks16
)
(/usr/local/texlive/2021/texmf-dist/tex/latex/dirtytalk/dirtytalk.sty
Package: dirtytalk 2010/11/21 A package making "quoting" easier

(/usr/local/texlive/2021/texmf-dist/tex/latex/kvoptions/kvoptions.sty
Package: kvoptions 2020-10-07 v3.14 Key value format for package options (HO)

(/usr/local/texlive/2021/texmf-dist/tex/latex/graphics/keyval.sty
Package: keyval 2014/10/28 v1.15 key=value parser (DPC)
\KV@toks@=\toks17
)
(/usr/local/texlive/2021/texmf-dist/tex/generic/ltxcmds/ltxcmds.sty
Package: ltxcmds 2020-05-10 v1.25 LaTeX kernel commands for general use (HO)
)
(/usr/local/texlive/2021/texmf-dist/tex/generic/kvsetkeys/kvsetkeys.sty
Package: kvsetkeys 2019/12/15 v1.18 Key value parser (HO)
))
(/usr/local/texlive/2021/texmf-dist/tex/latex/base/ifthen.sty
Package: ifthen 2014/09/29 v1.1c Standard LaTeX ifthen package (DPC)
)
\c@dirtytalk@qdepth=\count187
)
(/usr/local/texlive/2021/texmf-dist/tex/latex/amsmath/amsmath.sty
Package: amsmath 2020/09/23 v2.17i AMS math features
\@mathmargin=\skip49

For additional information on amsmath, use the `?' option.
(/usr/local/texlive/2021/texmf-dist/tex/latex/amsmath/amstext.sty
Package: amstext 2000/06/29 v2.01 AMS text

(/usr/local/texlive/2021/texmf-dist/tex/latex/amsmath/amsgen.sty
File: amsgen.sty 1999/11/30 v2.0 generic functions
\@emptytoks=\toks18
\ex@=\dimen139
))
(/usr/local/texlive/2021/texmf-dist/tex/latex/amsmath/amsbsy.sty
Package: amsbsy 1999/11/29 v1.2d Bold Symbols
\pmbraise@=\dimen140
)
(/usr/local/texlive/2021/texmf-dist/tex/latex/amsmath/amsopn.sty
Package: amsopn 2016/03/08 v2.02 operator names
)
\inf@bad=\count188
LaTeX Info: Redefining \frac on input line 234.
\uproot@=\count189
\leftroot@=\count190
LaTeX Info: Redefining \overline on input line 399.
\classnum@=\count191
\DOTSCASE@=\count192
LaTeX Info: Redefining \ldots on input line 496.
LaTeX Info: Redefining \dots on input line 499.
LaTeX Info: Redefining \cdots on input line 620.
\Mathstrutbox@=\box47
\strutbox@=\box48
\big@size=\dimen141
LaTeX Font Info:    Redeclaring font encoding OML on input line 743.
LaTeX Font Info:    Redeclaring font encoding OMS on input line 744.
\macc@depth=\count193
\c@MaxMatrixCols=\count194
\dotsspace@=\muskip16
\c@parentequation=\count195
\dspbrk@lvl=\count196
\tag@help=\toks19
\row@=\count197
\column@=\count198
\maxfields@=\count199
\andhelp@=\toks20
\eqnshift@=\dimen142
\alignsep@=\dimen143
\tagshift@=\dimen144
\tagwidth@=\dimen145
\totwidth@=\dimen146
\lineht@=\dimen147
\@envbody=\toks21
\multlinegap=\skip50
\multlinetaggap=\skip51
\mathdisplay@stack=\toks22
LaTeX Info: Redefining \[ on input line 2923.
LaTeX Info: Redefining \] on input line 2924.
)
(/usr/local/texlive/2021/texmf-dist/tex/latex/mathtools/mathtools.sty
Package: mathtools 2021/03/18 v1.25 mathematical typesetting tools

(/usr/local/texlive/2021/texmf-dist/tex/latex/tools/calc.sty
Package: calc 2017/05/25 v4.3 Infix arithmetic (KKT,FJ)
\calc@Acount=\count266
\calc@Bcount=\count267
\calc@Adimen=\dimen148
\calc@Bdimen=\dimen149
\calc@Askip=\skip52
\calc@Bskip=\skip53
LaTeX Info: Redefining \setlength on input line 80.
LaTeX Info: Redefining \addtolength on input line 81.
\calc@Ccount=\count268
\calc@Cskip=\skip54
)
(/usr/local/texlive/2021/texmf-dist/tex/latex/mathtools/mhsetup.sty
Package: mhsetup 2021/03/18 v1.4 programming setup (MH)
)
LaTeX Info: Thecontrolsequence`\('isalreadyrobust on input line 130.
LaTeX Info: Thecontrolsequence`\)'isalreadyrobust on input line 130.
LaTeX Info: Thecontrolsequence`\['isalreadyrobust on input line 130.
LaTeX Info: Thecontrolsequence`\]'isalreadyrobust on input line 130.
\g_MT_multlinerow_int=\count269
\l_MT_multwidth_dim=\dimen150
\origjot=\skip55
\l_MT_shortvdotswithinadjustabove_dim=\dimen151
\l_MT_shortvdotswithinadjustbelow_dim=\dimen152
\l_MT_above_intertext_sep=\dimen153
\l_MT_below_intertext_sep=\dimen154
\l_MT_above_shortintertext_sep=\dimen155
\l_MT_below_shortintertext_sep=\dimen156
\xmathstrut@box=\box49
\xmathstrut@dim=\dimen157
)
(/usr/local/texlive/2021/texmf-dist/tex/latex/graphics/graphicx.sty
Package: graphicx 2020/09/09 v1.2b Enhanced LaTeX Graphics (DPC,SPQR)

(/usr/local/texlive/2021/texmf-dist/tex/latex/graphics/graphics.sty
Package: graphics 2020/08/30 v1.4c Standard LaTeX Graphics (DPC,SPQR)

(/usr/local/texlive/2021/texmf-dist/tex/latex/graphics/trig.sty
Package: trig 2016/01/03 v1.10 sin cos tan (DPC)
)
(/usr/local/texlive/2021/texmf-dist/tex/latex/graphics-cfg/graphics.cfg
File: graphics.cfg 2016/06/04 v1.11 sample graphics configuration
)
Package graphics Info: Driver file: pdftex.def on input line 105.

(/usr/local/texlive/2021/texmf-dist/tex/latex/graphics-def/pdftex.def
File: pdftex.def 2020/10/05 v1.2a Graphics/color driver for pdftex
))
\Gin@req@height=\dimen158
\Gin@req@width=\dimen159
)
(/usr/local/texlive/2021/texmf-dist/tex/latex/mdframed/mdframed.sty
Package: mdframed 2013/07/01 1.9b: mdframed

(/usr/local/texlive/2021/texmf-dist/tex/latex/l3packages/xparse/xparse.sty
(/usr/local/texlive/2021/texmf-dist/tex/latex/l3kernel/expl3.sty
Package: expl3 2021-02-18 L3 programming layer (loader) 

(/usr/local/texlive/2021/texmf-dist/tex/latex/l3backend/l3backend-pdftex.def
File: l3backend-pdftex.def 2021-03-18 L3 backend support: PDF output (pdfTeX)
\l__color_backend_stack_int=\count270
\l__pdf_internal_box=\box50
))
(/usr/local/texlive/2021/texmf-dist/tex/latex/l3packages/xparse/xparse-2020-10-
01.sty
(/usr/local/texlive/2021/texmf-dist/tex/latex/l3packages/xparse/xparse-generic.
tex))) (/usr/local/texlive/2021/texmf-dist/tex/latex/etoolbox/etoolbox.sty
Package: etoolbox 2020/10/05 v2.5k e-TeX tools for LaTeX (JAW)
\etb@tempcnta=\count271
)
(/usr/local/texlive/2021/texmf-dist/tex/latex/zref/zref-abspage.sty
Package: zref-abspage 2020-07-03 v2.32 Module abspage for zref (HO)

(/usr/local/texlive/2021/texmf-dist/tex/latex/zref/zref-base.sty
Package: zref-base 2020-07-03 v2.32 Module base for zref (HO)

(/usr/local/texlive/2021/texmf-dist/tex/generic/infwarerr/infwarerr.sty
Package: infwarerr 2019/12/03 v1.5 Providing info/warning/error messages (HO)
)
(/usr/local/texlive/2021/texmf-dist/tex/generic/kvdefinekeys/kvdefinekeys.sty
Package: kvdefinekeys 2019-12-19 v1.6 Define keys (HO)
)
(/usr/local/texlive/2021/texmf-dist/tex/generic/pdftexcmds/pdftexcmds.sty
Package: pdftexcmds 2020-06-27 v0.33 Utility functions of pdfTeX for LuaTeX (HO
)

(/usr/local/texlive/2021/texmf-dist/tex/generic/iftex/iftex.sty
Package: iftex 2020/03/06 v1.0d TeX engine tests
)
Package pdftexcmds Info: \pdf@primitive is available.
Package pdftexcmds Info: \pdf@ifprimitive is available.
Package pdftexcmds Info: \pdfdraftmode found.
)
(/usr/local/texlive/2021/texmf-dist/tex/generic/etexcmds/etexcmds.sty
Package: etexcmds 2019/12/15 v1.7 Avoid name clashes with e-TeX commands (HO)
)
(/usr/local/texlive/2021/texmf-dist/tex/latex/auxhook/auxhook.sty
Package: auxhook 2019-12-17 v1.6 Hooks for auxiliary files (HO)
)
Package zref Info: New property list: main on input line 764.
Package zref Info: New property: default on input line 765.
Package zref Info: New property: page on input line 766.
)
(/usr/local/texlive/2021/texmf-dist/tex/latex/base/atbegshi-ltx.sty
Package: atbegshi-ltx 2020/08/17 v1.0a Emulation of the original atbegshi packa
ge
with kernel methods
)
\c@abspage=\count272
Package zref Info: New property: abspage on input line 66.
)
(/usr/local/texlive/2021/texmf-dist/tex/latex/needspace/needspace.sty
Package: needspace 2010/09/12 v1.3d reserve vertical space
)
(/usr/local/texlive/2021/texmf-dist/tex/latex/graphics/color.sty
Package: color 2020/02/24 v1.2b Standard LaTeX Color (DPC)

(/usr/local/texlive/2021/texmf-dist/tex/latex/graphics-cfg/color.cfg
File: color.cfg 2016/01/02 v1.6 sample color configuration
)
Package color Info: Driver file: pdftex.def on input line 147.
)
\mdf@templength=\skip56
\c@mdf@globalstyle@cnt=\count273
\mdf@skipabove@length=\skip57
\mdf@skipbelow@length=\skip58
\mdf@leftmargin@length=\skip59
\mdf@rightmargin@length=\skip60
\mdf@innerleftmargin@length=\skip61
\mdf@innerrightmargin@length=\skip62
\mdf@innertopmargin@length=\skip63
\mdf@innerbottommargin@length=\skip64
\mdf@splittopskip@length=\skip65
\mdf@splitbottomskip@length=\skip66
\mdf@outermargin@length=\skip67
\mdf@innermargin@length=\skip68
\mdf@linewidth@length=\skip69
\mdf@innerlinewidth@length=\skip70
\mdf@middlelinewidth@length=\skip71
\mdf@outerlinewidth@length=\skip72
\mdf@roundcorner@length=\skip73
\mdf@footenotedistance@length=\skip74
\mdf@userdefinedwidth@length=\skip75
\mdf@needspace@length=\skip76
\mdf@frametitleaboveskip@length=\skip77
\mdf@frametitlebelowskip@length=\skip78
\mdf@frametitlerulewidth@length=\skip79
\mdf@frametitleleftmargin@length=\skip80
\mdf@frametitlerightmargin@length=\skip81
\mdf@shadowsize@length=\skip82
\mdf@extratopheight@length=\skip83
\mdf@subtitleabovelinewidth@length=\skip84
\mdf@subtitlebelowlinewidth@length=\skip85
\mdf@subtitleaboveskip@length=\skip86
\mdf@subtitlebelowskip@length=\skip87
\mdf@subtitleinneraboveskip@length=\skip88
\mdf@subtitleinnerbelowskip@length=\skip89
\mdf@subsubtitleabovelinewidth@length=\skip90
\mdf@subsubtitlebelowlinewidth@length=\skip91
\mdf@subsubtitleaboveskip@length=\skip92
\mdf@subsubtitlebelowskip@length=\skip93
\mdf@subsubtitleinneraboveskip@length=\skip94
\mdf@subsubtitleinnerbelowskip@length=\skip95

(/usr/local/texlive/2021/texmf-dist/tex/latex/mdframed/md-frame-0.mdf
File: md-frame-0.mdf 2013/07/01\ 1.9b: md-frame-0
)
\mdf@frametitlebox=\box51
\mdf@footnotebox=\box52
\mdf@splitbox@one=\box53
\mdf@splitbox@two=\box54
\mdf@splitbox@save=\box55
\mdfsplitboxwidth=\skip96
\mdfsplitboxtotalwidth=\skip97
\mdfsplitboxheight=\skip98
\mdfsplitboxdepth=\skip99
\mdfsplitboxtotalheight=\skip100
\mdfframetitleboxwidth=\skip101
\mdfframetitleboxtotalwidth=\skip102
\mdfframetitleboxheight=\skip103
\mdfframetitleboxdepth=\skip104
\mdfframetitleboxtotalheight=\skip105
\mdffootnoteboxwidth=\skip106
\mdffootnoteboxtotalwidth=\skip107
\mdffootnoteboxheight=\skip108
\mdffootnoteboxdepth=\skip109
\mdffootnoteboxtotalheight=\skip110
\mdftotallinewidth=\skip111
\mdfboundingboxwidth=\skip112
\mdfboundingboxtotalwidth=\skip113
\mdfboundingboxheight=\skip114
\mdfboundingboxdepth=\skip115
\mdfboundingboxtotalheight=\skip116
\mdf@freevspace@length=\skip117
\mdf@horizontalwidthofbox@length=\skip118
\mdf@verticalmarginwhole@length=\skip119
\mdf@horizontalspaceofbox=\skip120
\mdfsubtitleheight=\skip121
\mdfsubsubtitleheight=\skip122
\c@mdfcountframes=\count274

****** mdframed patching \endmdf@trivlist

****** -- success******

\mdf@envdepth=\count275
\c@mdf@env@i=\count276
\c@mdf@env@ii=\count277
\c@mdf@zref@counter=\count278
Package zref Info: New property: mdf@pagevalue on input line 895.
)
(/usr/local/texlive/2021/texmf-dist/tex/latex/lipsum/lipsum.sty
Package: lipsum 2021-03-03 v2.3 150 paragraphs of Lorem Ipsum dummy text

(/usr/local/texlive/2021/texmf-dist/tex/latex/lipsum/lipsum.ltd.tex
File: lipsum.ltd.tex 2021-03-03 v2.3 The Lorem ipsum dummy text
))
(/usr/local/texlive/2021/texmf-dist/tex/latex/cancel/cancel.sty
Package: cancel 2013/04/12 v2.2 Cancel math terms
)
(/usr/local/texlive/2021/texmf-dist/tex/generic/systeme/systeme.sty
(/usr/local/texlive/2021/texmf-dist/tex/generic/xstring/xstring.sty
(/usr/local/texlive/2021/texmf-dist/tex/generic/xstring/xstring.tex
\integerpart=\count279
\decimalpart=\count280
)
Package: xstring 2019/02/06 v1.83 String manipulations (CT)
)
(/usr/local/texlive/2021/texmf-dist/tex/generic/systeme/systeme.tex
\SYS_systemecode=\toks23
\SYS_systempreamble=\toks24
\SYSeqnum=\count281
)
Package: systeme 2020/05/03 v0.34 Mise en forme de systemes d'equations (CT)
)
(/usr/local/texlive/2021/texmf-dist/tex/latex/pgfplots/pgfplots.sty
(/usr/local/texlive/2021/texmf-dist/tex/generic/pgfplots/pgfplots.revision.tex)
Package: pgfplots 2020/02/29 v1.17 Data Visualization (1.17)
(/usr/local/texlive/2021/texmf-dist/tex/latex/pgf/frontendlayer/tikz.sty
(/usr/local/texlive/2021/texmf-dist/tex/latex/pgf/basiclayer/pgf.sty
(/usr/local/texlive/2021/texmf-dist/tex/latex/pgf/utilities/pgfrcs.sty
(/usr/local/texlive/2021/texmf-dist/tex/generic/pgf/utilities/pgfutil-common.te
x
\pgfutil@everybye=\toks25
\pgfutil@tempdima=\dimen160
\pgfutil@tempdimb=\dimen161

(/usr/local/texlive/2021/texmf-dist/tex/generic/pgf/utilities/pgfutil-common-li
sts.tex))
(/usr/local/texlive/2021/texmf-dist/tex/generic/pgf/utilities/pgfutil-latex.def
\pgfutil@abb=\box56
) (/usr/local/texlive/2021/texmf-dist/tex/generic/pgf/utilities/pgfrcs.code.tex
(/usr/local/texlive/2021/texmf-dist/tex/generic/pgf/pgf.revision.tex)
Package: pgfrcs 2020/12/27 v3.1.8b (3.1.8b)
))
Package: pgf 2020/12/27 v3.1.8b (3.1.8b)

(/usr/local/texlive/2021/texmf-dist/tex/latex/pgf/basiclayer/pgfcore.sty
(/usr/local/texlive/2021/texmf-dist/tex/latex/pgf/systemlayer/pgfsys.sty
(/usr/local/texlive/2021/texmf-dist/tex/generic/pgf/systemlayer/pgfsys.code.tex
Package: pgfsys 2020/12/27 v3.1.8b (3.1.8b)
(/usr/local/texlive/2021/texmf-dist/tex/generic/pgf/utilities/pgfkeys.code.tex
\pgfkeys@pathtoks=\toks26
\pgfkeys@temptoks=\toks27

(/usr/local/texlive/2021/texmf-dist/tex/generic/pgf/utilities/pgfkeysfiltered.c
ode.tex
\pgfkeys@tmptoks=\toks28
))
\pgf@x=\dimen162
\pgf@y=\dimen163
\pgf@xa=\dimen164
\pgf@ya=\dimen165
\pgf@xb=\dimen166
\pgf@yb=\dimen167
\pgf@xc=\dimen168
\pgf@yc=\dimen169
\pgf@xd=\dimen170
\pgf@yd=\dimen171
\w@pgf@writea=\write3
\r@pgf@reada=\read2
\c@pgf@counta=\count282
\c@pgf@countb=\count283
\c@pgf@countc=\count284
\c@pgf@countd=\count285
\t@pgf@toka=\toks29
\t@pgf@tokb=\toks30
\t@pgf@tokc=\toks31
\pgf@sys@id@count=\count286

(/usr/local/texlive/2021/texmf-dist/tex/generic/pgf/systemlayer/pgf.cfg
File: pgf.cfg 2020/12/27 v3.1.8b (3.1.8b)
)
Driver file for pgf: pgfsys-pdftex.def

(/usr/local/texlive/2021/texmf-dist/tex/generic/pgf/systemlayer/pgfsys-pdftex.d
ef
File: pgfsys-pdftex.def 2020/12/27 v3.1.8b (3.1.8b)

(/usr/local/texlive/2021/texmf-dist/tex/generic/pgf/systemlayer/pgfsys-common-p
df.def
File: pgfsys-common-pdf.def 2020/12/27 v3.1.8b (3.1.8b)
)))
(/usr/local/texlive/2021/texmf-dist/tex/generic/pgf/systemlayer/pgfsyssoftpath.
code.tex
File: pgfsyssoftpath.code.tex 2020/12/27 v3.1.8b (3.1.8b)
\pgfsyssoftpath@smallbuffer@items=\count287
\pgfsyssoftpath@bigbuffer@items=\count288
)
(/usr/local/texlive/2021/texmf-dist/tex/generic/pgf/systemlayer/pgfsysprotocol.
code.tex
File: pgfsysprotocol.code.tex 2020/12/27 v3.1.8b (3.1.8b)
)) (/usr/local/texlive/2021/texmf-dist/tex/latex/xcolor/xcolor.sty
Package: xcolor 2016/05/11 v2.12 LaTeX color extensions (UK)

(/usr/local/texlive/2021/texmf-dist/tex/latex/graphics-cfg/color.cfg
File: color.cfg 2016/01/02 v1.6 sample color configuration
)
Package xcolor Info: Driver file: pdftex.def on input line 225.
LaTeX Info: Redefining \color on input line 709.
Package xcolor Info: Model `cmy' substituted by `cmy0' on input line 1348.
Package xcolor Info: Model `hsb' substituted by `rgb' on input line 1352.
Package xcolor Info: Model `RGB' extended on input line 1364.
Package xcolor Info: Model `HTML' substituted by `rgb' on input line 1366.
Package xcolor Info: Model `Hsb' substituted by `hsb' on input line 1367.
Package xcolor Info: Model `tHsb' substituted by `hsb' on input line 1368.
Package xcolor Info: Model `HSB' substituted by `hsb' on input line 1369.
Package xcolor Info: Model `Gray' substituted by `gray' on input line 1370.
Package xcolor Info: Model `wave' substituted by `hsb' on input line 1371.
)
(/usr/local/texlive/2021/texmf-dist/tex/generic/pgf/basiclayer/pgfcore.code.tex
Package: pgfcore 2020/12/27 v3.1.8b (3.1.8b)
(/usr/local/texlive/2021/texmf-dist/tex/generic/pgf/math/pgfmath.code.tex
(/usr/local/texlive/2021/texmf-dist/tex/generic/pgf/math/pgfmathcalc.code.tex
(/usr/local/texlive/2021/texmf-dist/tex/generic/pgf/math/pgfmathutil.code.tex)
(/usr/local/texlive/2021/texmf-dist/tex/generic/pgf/math/pgfmathparser.code.tex
\pgfmath@dimen=\dimen172
\pgfmath@count=\count289
\pgfmath@box=\box57
\pgfmath@toks=\toks32
\pgfmath@stack@operand=\toks33
\pgfmath@stack@operation=\toks34
)
(/usr/local/texlive/2021/texmf-dist/tex/generic/pgf/math/pgfmathfunctions.code.
tex
(/usr/local/texlive/2021/texmf-dist/tex/generic/pgf/math/pgfmathfunctions.basic
.code.tex)
(/usr/local/texlive/2021/texmf-dist/tex/generic/pgf/math/pgfmathfunctions.trigo
nometric.code.tex)
(/usr/local/texlive/2021/texmf-dist/tex/generic/pgf/math/pgfmathfunctions.rando
m.code.tex)
(/usr/local/texlive/2021/texmf-dist/tex/generic/pgf/math/pgfmathfunctions.compa
rison.code.tex)
(/usr/local/texlive/2021/texmf-dist/tex/generic/pgf/math/pgfmathfunctions.base.
code.tex)
(/usr/local/texlive/2021/texmf-dist/tex/generic/pgf/math/pgfmathfunctions.round
.code.tex)
(/usr/local/texlive/2021/texmf-dist/tex/generic/pgf/math/pgfmathfunctions.misc.
code.tex)
(/usr/local/texlive/2021/texmf-dist/tex/generic/pgf/math/pgfmathfunctions.integ
erarithmetics.code.tex)))
(/usr/local/texlive/2021/texmf-dist/tex/generic/pgf/math/pgfmathfloat.code.tex
\c@pgfmathroundto@lastzeros=\count290
)) (/usr/local/texlive/2021/texmf-dist/tex/generic/pgf/math/pgfint.code.tex)
(/usr/local/texlive/2021/texmf-dist/tex/generic/pgf/basiclayer/pgfcorepoints.co
de.tex
File: pgfcorepoints.code.tex 2020/12/27 v3.1.8b (3.1.8b)
\pgf@picminx=\dimen173
\pgf@picmaxx=\dimen174
\pgf@picminy=\dimen175
\pgf@picmaxy=\dimen176
\pgf@pathminx=\dimen177
\pgf@pathmaxx=\dimen178
\pgf@pathminy=\dimen179
\pgf@pathmaxy=\dimen180
\pgf@xx=\dimen181
\pgf@xy=\dimen182
\pgf@yx=\dimen183
\pgf@yy=\dimen184
\pgf@zx=\dimen185
\pgf@zy=\dimen186
)
(/usr/local/texlive/2021/texmf-dist/tex/generic/pgf/basiclayer/pgfcorepathconst
ruct.code.tex
File: pgfcorepathconstruct.code.tex 2020/12/27 v3.1.8b (3.1.8b)
\pgf@path@lastx=\dimen187
\pgf@path@lasty=\dimen188
)
(/usr/local/texlive/2021/texmf-dist/tex/generic/pgf/basiclayer/pgfcorepathusage
.code.tex
File: pgfcorepathusage.code.tex 2020/12/27 v3.1.8b (3.1.8b)
\pgf@shorten@end@additional=\dimen189
\pgf@shorten@start@additional=\dimen190
)
(/usr/local/texlive/2021/texmf-dist/tex/generic/pgf/basiclayer/pgfcorescopes.co
de.tex
File: pgfcorescopes.code.tex 2020/12/27 v3.1.8b (3.1.8b)
\pgfpic=\box58
\pgf@hbox=\box59
\pgf@layerbox@main=\box60
\pgf@picture@serial@count=\count291
)
(/usr/local/texlive/2021/texmf-dist/tex/generic/pgf/basiclayer/pgfcoregraphicst
ate.code.tex
File: pgfcoregraphicstate.code.tex 2020/12/27 v3.1.8b (3.1.8b)
\pgflinewidth=\dimen191
)
(/usr/local/texlive/2021/texmf-dist/tex/generic/pgf/basiclayer/pgfcoretransform
ations.code.tex
File: pgfcoretransformations.code.tex 2020/12/27 v3.1.8b (3.1.8b)
\pgf@pt@x=\dimen192
\pgf@pt@y=\dimen193
\pgf@pt@temp=\dimen194
)
(/usr/local/texlive/2021/texmf-dist/tex/generic/pgf/basiclayer/pgfcorequick.cod
e.tex
File: pgfcorequick.code.tex 2020/12/27 v3.1.8b (3.1.8b)
)
(/usr/local/texlive/2021/texmf-dist/tex/generic/pgf/basiclayer/pgfcoreobjects.c
ode.tex
File: pgfcoreobjects.code.tex 2020/12/27 v3.1.8b (3.1.8b)
)
(/usr/local/texlive/2021/texmf-dist/tex/generic/pgf/basiclayer/pgfcorepathproce
ssing.code.tex
File: pgfcorepathprocessing.code.tex 2020/12/27 v3.1.8b (3.1.8b)
)
(/usr/local/texlive/2021/texmf-dist/tex/generic/pgf/basiclayer/pgfcorearrows.co
de.tex
File: pgfcorearrows.code.tex 2020/12/27 v3.1.8b (3.1.8b)
\pgfarrowsep=\dimen195
)
(/usr/local/texlive/2021/texmf-dist/tex/generic/pgf/basiclayer/pgfcoreshade.cod
e.tex
File: pgfcoreshade.code.tex 2020/12/27 v3.1.8b (3.1.8b)
\pgf@max=\dimen196
\pgf@sys@shading@range@num=\count292
\pgf@shadingcount=\count293
)
(/usr/local/texlive/2021/texmf-dist/tex/generic/pgf/basiclayer/pgfcoreimage.cod
e.tex
File: pgfcoreimage.code.tex 2020/12/27 v3.1.8b (3.1.8b)

(/usr/local/texlive/2021/texmf-dist/tex/generic/pgf/basiclayer/pgfcoreexternal.
code.tex
File: pgfcoreexternal.code.tex 2020/12/27 v3.1.8b (3.1.8b)
\pgfexternal@startupbox=\box61
))
(/usr/local/texlive/2021/texmf-dist/tex/generic/pgf/basiclayer/pgfcorelayers.co
de.tex
File: pgfcorelayers.code.tex 2020/12/27 v3.1.8b (3.1.8b)
)
(/usr/local/texlive/2021/texmf-dist/tex/generic/pgf/basiclayer/pgfcoretranspare
ncy.code.tex
File: pgfcoretransparency.code.tex 2020/12/27 v3.1.8b (3.1.8b)
)
(/usr/local/texlive/2021/texmf-dist/tex/generic/pgf/basiclayer/pgfcorepatterns.
code.tex
File: pgfcorepatterns.code.tex 2020/12/27 v3.1.8b (3.1.8b)
)
(/usr/local/texlive/2021/texmf-dist/tex/generic/pgf/basiclayer/pgfcorerdf.code.
tex
File: pgfcorerdf.code.tex 2020/12/27 v3.1.8b (3.1.8b)
)))
(/usr/local/texlive/2021/texmf-dist/tex/generic/pgf/modules/pgfmoduleshapes.cod
e.tex
File: pgfmoduleshapes.code.tex 2020/12/27 v3.1.8b (3.1.8b)
\pgfnodeparttextbox=\box62
)
(/usr/local/texlive/2021/texmf-dist/tex/generic/pgf/modules/pgfmoduleplot.code.
tex
File: pgfmoduleplot.code.tex 2020/12/27 v3.1.8b (3.1.8b)
)
(/usr/local/texlive/2021/texmf-dist/tex/latex/pgf/compatibility/pgfcomp-version
-0-65.sty
Package: pgfcomp-version-0-65 2020/12/27 v3.1.8b (3.1.8b)
\pgf@nodesepstart=\dimen197
\pgf@nodesepend=\dimen198
)
(/usr/local/texlive/2021/texmf-dist/tex/latex/pgf/compatibility/pgfcomp-version
-1-18.sty
Package: pgfcomp-version-1-18 2020/12/27 v3.1.8b (3.1.8b)
))
(/usr/local/texlive/2021/texmf-dist/tex/latex/pgf/utilities/pgffor.sty
(/usr/local/texlive/2021/texmf-dist/tex/latex/pgf/utilities/pgfkeys.sty
(/usr/local/texlive/2021/texmf-dist/tex/generic/pgf/utilities/pgfkeys.code.tex)
) (/usr/local/texlive/2021/texmf-dist/tex/latex/pgf/math/pgfmath.sty
(/usr/local/texlive/2021/texmf-dist/tex/generic/pgf/math/pgfmath.code.tex))
(/usr/local/texlive/2021/texmf-dist/tex/generic/pgf/utilities/pgffor.code.tex
Package: pgffor 2020/12/27 v3.1.8b (3.1.8b)

(/usr/local/texlive/2021/texmf-dist/tex/generic/pgf/math/pgfmath.code.tex)
\pgffor@iter=\dimen199
\pgffor@skip=\dimen256
\pgffor@stack=\toks35
\pgffor@toks=\toks36
))
(/usr/local/texlive/2021/texmf-dist/tex/generic/pgf/frontendlayer/tikz/tikz.cod
e.tex
Package: tikz 2020/12/27 v3.1.8b (3.1.8b)

(/usr/local/texlive/2021/texmf-dist/tex/generic/pgf/libraries/pgflibraryplothan
dlers.code.tex
File: pgflibraryplothandlers.code.tex 2020/12/27 v3.1.8b (3.1.8b)
\pgf@plot@mark@count=\count294
\pgfplotmarksize=\dimen257
)
\tikz@lastx=\dimen258
\tikz@lasty=\dimen259
\tikz@lastxsaved=\dimen260
\tikz@lastysaved=\dimen261
\tikz@lastmovetox=\dimen262
\tikz@lastmovetoy=\dimen263
\tikzleveldistance=\dimen264
\tikzsiblingdistance=\dimen265
\tikz@figbox=\box63
\tikz@figbox@bg=\box64
\tikz@tempbox=\box65
\tikz@tempbox@bg=\box66
\tikztreelevel=\count295
\tikznumberofchildren=\count296
\tikznumberofcurrentchild=\count297
\tikz@fig@count=\count298

(/usr/local/texlive/2021/texmf-dist/tex/generic/pgf/modules/pgfmodulematrix.cod
e.tex
File: pgfmodulematrix.code.tex 2020/12/27 v3.1.8b (3.1.8b)
\pgfmatrixcurrentrow=\count299
\pgfmatrixcurrentcolumn=\count300
\pgf@matrix@numberofcolumns=\count301
)
\tikz@expandcount=\count302

(/usr/local/texlive/2021/texmf-dist/tex/generic/pgf/frontendlayer/tikz/librarie
s/tikzlibrarytopaths.code.tex
File: tikzlibrarytopaths.code.tex 2020/12/27 v3.1.8b (3.1.8b)
)))
(/usr/local/texlive/2021/texmf-dist/tex/generic/pgfplots/pgfplots.code.tex
(/usr/local/texlive/2021/texmf-dist/tex/generic/pgfplots/pgfplotscore.code.tex
\t@pgfplots@toka=\toks37
\t@pgfplots@tokb=\toks38
\t@pgfplots@tokc=\toks39
\pgfplots@tmpa=\dimen266
\c@pgfplots@coordindex=\count303
\c@pgfplots@scanlineindex=\count304

(/usr/local/texlive/2021/texmf-dist/tex/generic/pgfplots/sys/pgfplotssysgeneric
.code.tex))
(/usr/local/texlive/2021/texmf-dist/tex/generic/pgfplots/libs/pgfplotslibrary.c
ode.tex)
(/usr/local/texlive/2021/texmf-dist/tex/generic/pgfplots/oldpgfcompatib/pgfplot
soldpgfsupp_loader.code.tex
(/usr/local/texlive/2021/texmf-dist/tex/generic/pgf/libraries/pgflibraryfpu.cod
e.tex))
(/usr/local/texlive/2021/texmf-dist/tex/generic/pgfplots/util/pgfplotsutil.code
.tex
(/usr/local/texlive/2021/texmf-dist/tex/generic/pgfplots/liststructure/pgfplots
liststructure.code.tex)
(/usr/local/texlive/2021/texmf-dist/tex/generic/pgfplots/liststructure/pgfplots
liststructureext.code.tex)
(/usr/local/texlive/2021/texmf-dist/tex/generic/pgfplots/liststructure/pgfplots
array.code.tex
\c@pgfplotsarray@tmp=\count305
)
(/usr/local/texlive/2021/texmf-dist/tex/generic/pgfplots/liststructure/pgfplots
matrix.code.tex)
(/usr/local/texlive/2021/texmf-dist/tex/generic/pgfplots/numtable/pgfplotstable
shared.code.tex
\c@pgfplotstable@counta=\count306
\t@pgfplotstable@a=\toks40
)
(/usr/local/texlive/2021/texmf-dist/tex/generic/pgfplots/liststructure/pgfplots
deque.code.tex)
(/usr/local/texlive/2021/texmf-dist/tex/generic/pgfplots/util/pgfplotsbinary.co
de.tex
(/usr/local/texlive/2021/texmf-dist/tex/generic/pgfplots/util/pgfplotsbinary.da
ta.code.tex))
(/usr/local/texlive/2021/texmf-dist/tex/generic/pgfplots/util/pgfplotsutil.verb
.code.tex)
(/usr/local/texlive/2021/texmf-dist/tex/generic/pgfplots/libs/pgflibrarypgfplot
s.surfshading.code.tex
\c@pgfplotslibrarysurf@no=\count307

(/usr/local/texlive/2021/texmf-dist/tex/generic/pgfplots/sys/pgflibrarypgfplots
.surfshading.pgfsys-pdftex.def)))
(/usr/local/texlive/2021/texmf-dist/tex/generic/pgfplots/util/pgfplotscolormap.
code.tex
(/usr/local/texlive/2021/texmf-dist/tex/generic/pgfplots/util/pgfplotscolor.cod
e.tex))
(/usr/local/texlive/2021/texmf-dist/tex/generic/pgfplots/pgfplotsstackedplots.c
ode.tex)
(/usr/local/texlive/2021/texmf-dist/tex/generic/pgfplots/pgfplotsplothandlers.c
ode.tex
(/usr/local/texlive/2021/texmf-dist/tex/generic/pgfplots/pgfplotsmeshplothandle
r.code.tex
(/usr/local/texlive/2021/texmf-dist/tex/generic/pgfplots/pgfplotsmeshplotimage.
code.tex)))
(/usr/local/texlive/2021/texmf-dist/tex/generic/pgfplots/pgfplots.scaling.code.
tex)
(/usr/local/texlive/2021/texmf-dist/tex/generic/pgfplots/pgfplotscoordprocessin
g.code.tex)
(/usr/local/texlive/2021/texmf-dist/tex/generic/pgfplots/pgfplots.errorbars.cod
e.tex)
(/usr/local/texlive/2021/texmf-dist/tex/generic/pgfplots/pgfplots.markers.code.
tex)
(/usr/local/texlive/2021/texmf-dist/tex/generic/pgfplots/pgfplotsticks.code.tex
)
(/usr/local/texlive/2021/texmf-dist/tex/generic/pgfplots/pgfplots.paths.code.te
x)
(/usr/local/texlive/2021/texmf-dist/tex/generic/pgf/frontendlayer/tikz/librarie
s/tikzlibrarydecorations.code.tex
(/usr/local/texlive/2021/texmf-dist/tex/generic/pgf/modules/pgfmoduledecoration
s.code.tex
\pgfdecoratedcompleteddistance=\dimen267
\pgfdecoratedremainingdistance=\dimen268
\pgfdecoratedinputsegmentcompleteddistance=\dimen269
\pgfdecoratedinputsegmentremainingdistance=\dimen270
\pgf@decorate@distancetomove=\dimen271
\pgf@decorate@repeatstate=\count308
\pgfdecorationsegmentamplitude=\dimen272
\pgfdecorationsegmentlength=\dimen273
)
\tikz@lib@dec@box=\box67
)
(/usr/local/texlive/2021/texmf-dist/tex/generic/pgf/frontendlayer/tikz/librarie
s/tikzlibrarydecorations.pathmorphing.code.tex
(/usr/local/texlive/2021/texmf-dist/tex/generic/pgf/libraries/decorations/pgfli
brarydecorations.pathmorphing.code.tex))
(/usr/local/texlive/2021/texmf-dist/tex/generic/pgf/frontendlayer/tikz/librarie
s/tikzlibrarydecorations.pathreplacing.code.tex
(/usr/local/texlive/2021/texmf-dist/tex/generic/pgf/libraries/decorations/pgfli
brarydecorations.pathreplacing.code.tex))
\pgfplots@numplots=\count309
\pgfplots@xmin@reg=\dimen274
\pgfplots@xmax@reg=\dimen275
\pgfplots@ymin@reg=\dimen276
\pgfplots@ymax@reg=\dimen277
\pgfplots@zmin@reg=\dimen278
\pgfplots@zmax@reg=\dimen279
)
(/usr/local/texlive/2021/texmf-dist/tex/generic/pgf/frontendlayer/tikz/librarie
s/tikzlibraryplotmarks.code.tex
File: tikzlibraryplotmarks.code.tex 2020/12/27 v3.1.8b (3.1.8b)

(/usr/local/texlive/2021/texmf-dist/tex/generic/pgf/libraries/pgflibraryplotmar
ks.code.tex
File: pgflibraryplotmarks.code.tex 2020/12/27 v3.1.8b (3.1.8b)
))) (/usr/local/texlive/2021/texmf-dist/tex/latex/base/textcomp.sty
Package: textcomp 2020/02/02 v2.0n Standard LaTeX package
) (/usr/local/texlive/2021/texmf-dist/tex/latex/geometry/geometry.sty
Package: geometry 2020/01/02 v5.9 Page Geometry

(/usr/local/texlive/2021/texmf-dist/tex/generic/iftex/ifvtex.sty
Package: ifvtex 2019/10/25 v1.7 ifvtex legacy package. Use iftex instead.
)
\Gm@cnth=\count310
\Gm@cntv=\count311
\c@Gm@tempcnt=\count312
\Gm@bindingoffset=\dimen280
\Gm@wd@mp=\dimen281
\Gm@odd@mp=\dimen282
\Gm@even@mp=\dimen283
\Gm@layoutwidth=\dimen284
\Gm@layoutheight=\dimen285
\Gm@layouthoffset=\dimen286
\Gm@layoutvoffset=\dimen287
\Gm@dimlist=\toks41
)
(/usr/local/texlive/2021/texmf-dist/tex/generic/pgf/frontendlayer/tikz/librarie
s/tikzlibraryarrows.code.tex
File: tikzlibraryarrows.code.tex 2020/12/27 v3.1.8b (3.1.8b)

(/usr/local/texlive/2021/texmf-dist/tex/generic/pgf/libraries/pgflibraryarrows.
code.tex
File: pgflibraryarrows.code.tex 2020/12/27 v3.1.8b (3.1.8b)
\arrowsize=\dimen288
)) (/usr/local/texlive/2021/texmf-dist/tex/latex/float/float.sty
Package: float 2001/11/08 v1.3d Float enhancements (AL)
\c@float@type=\count313
\float@exts=\toks42
\float@box=\box68
\@float@everytoks=\toks43
\@floatcapt=\box69
)
\@float@every@table=\toks44

(/usr/local/texlive/2021/texmf-dist/tex/latex/enumitem/enumitem.sty
Package: enumitem 2019/06/20 v3.9 Customized lists
\labelindent=\skip123
\enit@outerparindent=\dimen289
\enit@toks=\toks45
\enit@inbox=\box70
\enit@count@id=\count314
\enitdp@description=\count315
)
(/usr/local/texlive/2021/texmf-dist/tex/latex/physics/physics.sty
Package: physics 
)
(/usr/local/texlive/2021/texmf-dist/tex/latex/caption/subcaption.sty
Package: subcaption 2020/10/07 v1.3j Sub-captions (AR)

(/usr/local/texlive/2021/texmf-dist/tex/latex/caption/caption.sty
Package: caption 2020/10/26 v3.5g Customizing captions (AR)

(/usr/local/texlive/2021/texmf-dist/tex/latex/caption/caption3.sty
Package: caption3 2020/10/21 v2.2e caption3 kernel (AR)
\captionmargin=\dimen290
\captionmargin@=\dimen291
\captionwidth=\dimen292
\caption@tempdima=\dimen293
\caption@indent=\dimen294
\caption@parindent=\dimen295
\caption@hangindent=\dimen296
Package caption Info: Standard document class detected.
)
\c@caption@flags=\count316
\c@continuedfloat=\count317
Package caption Info: float package is loaded.
)
\c@subfigure=\count318
\c@subtable=\count319
)
\c@note=\count320

(/usr/local/texlive/2021/texmf-dist/tex/generic/pgf/frontendlayer/tikz/librarie
s/tikzlibraryautomata.code.tex
File: tikzlibraryautomata.code.tex 2020/12/27 v3.1.8b (3.1.8b)

(/usr/local/texlive/2021/texmf-dist/tex/generic/pgf/frontendlayer/tikz/librarie
s/tikzlibraryshapes.multipart.code.tex
File: tikzlibraryshapes.multipart.code.tex 2020/12/27 v3.1.8b (3.1.8b)

(/usr/local/texlive/2021/texmf-dist/tex/generic/pgf/libraries/shapes/pgflibrary
shapes.multipart.code.tex
File: pgflibraryshapes.multipart.code.tex 2020/12/27 v3.1.8b (3.1.8b)
\pgfnodepartlowerbox=\box71
\pgfnodeparttwobox=\box72
\pgfnodepartthreebox=\box73
\pgfnodepartfourbox=\box74
\pgfnodeparttwentybox=\box75
\pgfnodepartnineteenbox=\box76
\pgfnodeparteighteenbox=\box77
\pgfnodepartseventeenbox=\box78
\pgfnodepartsixteenbox=\box79
\pgfnodepartfifteenbox=\box80
\pgfnodepartfourteenbox=\box81
\pgfnodepartthirteenbox=\box82
\pgfnodeparttwelvebox=\box83
\pgfnodepartelevenbox=\box84
\pgfnodeparttenbox=\box85
\pgfnodepartninebox=\box86
\pgfnodeparteightbox=\box87
\pgfnodepartsevenbox=\box88
\pgfnodepartsixbox=\box89
\pgfnodepartfivebox=\box90
)))
(/usr/local/texlive/2021/texmf-dist/tex/generic/pgf/frontendlayer/tikz/librarie
s/tikzlibrarypositioning.code.tex
File: tikzlibrarypositioning.code.tex 2020/12/27 v3.1.8b (3.1.8b)
)
(/usr/local/texlive/2021/texmf-dist/tex/latex/listings/listings.sty
\lst@mode=\count321
\lst@gtempboxa=\box91
\lst@token=\toks46
\lst@length=\count322
\lst@currlwidth=\dimen297
\lst@column=\count323
\lst@pos=\count324
\lst@lostspace=\dimen298
\lst@width=\dimen299
\lst@newlines=\count325
\lst@lineno=\count326
\lst@maxwidth=\dimen300

(/usr/local/texlive/2021/texmf-dist/tex/latex/listings/lstmisc.sty
File: lstmisc.sty 2020/03/24 1.8d (Carsten Heinz)
\c@lstnumber=\count327
\lst@skipnumbers=\count328
\lst@framebox=\box92
)
(/usr/local/texlive/2021/texmf-dist/tex/latex/listings/listings.cfg
File: listings.cfg 2020/03/24 1.8d listings configuration
))
Package: listings 2020/03/24 1.8d (Carsten Heinz)

(/usr/local/texlive/2021/texmf-dist/tex/latex/psnfss/mathptmx.sty
Package: mathptmx 2020/03/25 PSNFSS-v9.3 Times w/ Math, improved (SPQR, WaS) 
LaTeX Font Info:    Redeclaring symbol font `operators' on input line 28.
LaTeX Font Info:    Overwriting symbol font `operators' in version `normal'
(Font)                  OT1/cmr/m/n --> OT1/ztmcm/m/n on input line 28.
LaTeX Font Info:    Overwriting symbol font `operators' in version `bold'
(Font)                  OT1/cmr/bx/n --> OT1/ztmcm/m/n on input line 28.
LaTeX Font Info:    Redeclaring symbol font `letters' on input line 29.
LaTeX Font Info:    Overwriting symbol font `letters' in version `normal'
(Font)                  OML/cmm/m/it --> OML/ztmcm/m/it on input line 29.
LaTeX Font Info:    Overwriting symbol font `letters' in version `bold'
(Font)                  OML/cmm/b/it --> OML/ztmcm/m/it on input line 29.
LaTeX Font Info:    Redeclaring symbol font `symbols' on input line 30.
LaTeX Font Info:    Overwriting symbol font `symbols' in version `normal'
(Font)                  OMS/cmsy/m/n --> OMS/ztmcm/m/n on input line 30.
LaTeX Font Info:    Overwriting symbol font `symbols' in version `bold'
(Font)                  OMS/cmsy/b/n --> OMS/ztmcm/m/n on input line 30.
LaTeX Font Info:    Redeclaring symbol font `largesymbols' on input line 31.
LaTeX Font Info:    Overwriting symbol font `largesymbols' in version `normal'
(Font)                  OMX/cmex/m/n --> OMX/ztmcm/m/n on input line 31.
LaTeX Font Info:    Overwriting symbol font `largesymbols' in version `bold'
(Font)                  OMX/cmex/m/n --> OMX/ztmcm/m/n on input line 31.
\symbold=\mathgroup4
\symitalic=\mathgroup5
LaTeX Font Info:    Redeclaring math alphabet \mathbf on input line 34.
LaTeX Font Info:    Overwriting math alphabet `\mathbf' in version `normal'
(Font)                  OT1/cmr/bx/n --> OT1/ptm/bx/n on input line 34.
LaTeX Font Info:    Overwriting math alphabet `\mathbf' in version `bold'
(Font)                  OT1/cmr/bx/n --> OT1/ptm/bx/n on input line 34.
LaTeX Font Info:    Redeclaring math alphabet \mathit on input line 35.
LaTeX Font Info:    Overwriting math alphabet `\mathit' in version `normal'
(Font)                  OT1/cmr/m/it --> OT1/ptm/m/it on input line 35.
LaTeX Font Info:    Overwriting math alphabet `\mathit' in version `bold'
(Font)                  OT1/cmr/bx/it --> OT1/ptm/m/it on input line 35.
LaTeX Info: Redefining \hbar on input line 50.
)
(/usr/local/texlive/2021/texmf-dist/tex/latex/setspace/setspace.sty
Package: setspace 2011/12/19 v6.7a set line spacing
)
LaTeX Font Info:    Trying to load font information for OT1+ptm on input line 7
3.

(/usr/local/texlive/2021/texmf-dist/tex/latex/psnfss/ot1ptm.fd
File: ot1ptm.fd 2001/06/04 font definitions for OT1/ptm.
) (./main.aux

LaTeX Warning: Label `fig:third' multiply defined.


LaTeX Warning: Label `sub@fig:third' multiply defined.


LaTeX Warning: Label `fig:first' multiply defined.


LaTeX Warning: Label `sub@fig:first' multiply defined.


LaTeX Warning: Label `fig:second' multiply defined.


LaTeX Warning: Label `sub@fig:second' multiply defined.


LaTeX Warning: Label `fig:first' multiply defined.


LaTeX Warning: Label `sub@fig:first' multiply defined.


LaTeX Warning: Label `fig:second' multiply defined.


LaTeX Warning: Label `sub@fig:second' multiply defined.


LaTeX Warning: Label `fig:first' multiply defined.


LaTeX Warning: Label `sub@fig:first' multiply defined.


LaTeX Warning: Label `fig:second' multiply defined.


LaTeX Warning: Label `sub@fig:second' multiply defined.


LaTeX Warning: Label `fig:first' multiply defined.


LaTeX Warning: Label `sub@fig:first' multiply defined.


LaTeX Warning: Label `fig:second' multiply defined.


LaTeX Warning: Label `sub@fig:second' multiply defined.


LaTeX Warning: Label `fig:second' multiply defined.


LaTeX Warning: Label `fig:first' multiply defined.


LaTeX Warning: Label `sub@fig:first' multiply defined.


LaTeX Warning: Label `fig:first' multiply defined.


LaTeX Warning: Label `sub@fig:first' multiply defined.


LaTeX Warning: Label `fig:second' multiply defined.


LaTeX Warning: Label `sub@fig:second' multiply defined.


LaTeX Warning: Label `fig:first' multiply defined.


LaTeX Warning: Label `sub@fig:first' multiply defined.


LaTeX Warning: Label `fig:second' multiply defined.


LaTeX Warning: Label `sub@fig:second' multiply defined.


LaTeX Warning: Label `fig:first' multiply defined.


LaTeX Warning: Label `sub@fig:first' multiply defined.


LaTeX Warning: Label `fig:second' multiply defined.


LaTeX Warning: Label `sub@fig:second' multiply defined.


LaTeX Warning: Label `fig:third' multiply defined.


LaTeX Warning: Label `sub@fig:third' multiply defined.


LaTeX Warning: Label `fig:figures' multiply defined.


LaTeX Warning: Label `fig:first' multiply defined.


LaTeX Warning: Label `sub@fig:first' multiply defined.


LaTeX Warning: Label `fig:second' multiply defined.


LaTeX Warning: Label `sub@fig:second' multiply defined.


LaTeX Warning: Label `fig:third' multiply defined.


LaTeX Warning: Label `sub@fig:third' multiply defined.


LaTeX Warning: Label `fig:figures' multiply defined.


LaTeX Warning: Label `fig:first' multiply defined.


LaTeX Warning: Label `sub@fig:first' multiply defined.


LaTeX Warning: Label `fig:second' multiply defined.


LaTeX Warning: Label `sub@fig:second' multiply defined.


LaTeX Warning: Label `fig:third' multiply defined.


LaTeX Warning: Label `sub@fig:third' multiply defined.


LaTeX Warning: Label `fig:figures' multiply defined.


LaTeX Warning: Label `fig:first' multiply defined.


LaTeX Warning: Label `sub@fig:first' multiply defined.


LaTeX Warning: Label `fig:second' multiply defined.


LaTeX Warning: Label `sub@fig:second' multiply defined.


LaTeX Warning: Label `fig:third' multiply defined.


LaTeX Warning: Label `sub@fig:third' multiply defined.


LaTeX Warning: Label `fig:first' multiply defined.


LaTeX Warning: Label `sub@fig:first' multiply defined.


LaTeX Warning: Label `fig:second' multiply defined.


LaTeX Warning: Label `sub@fig:second' multiply defined.


LaTeX Warning: Label `fig:third' multiply defined.


LaTeX Warning: Label `sub@fig:third' multiply defined.


LaTeX Warning: Label `fig:first' multiply defined.


LaTeX Warning: Label `sub@fig:first' multiply defined.


LaTeX Warning: Label `fig:figures' multiply defined.


LaTeX Warning: Label `fig:first' multiply defined.


LaTeX Warning: Label `sub@fig:first' multiply defined.


LaTeX Warning: Label `fig:second' multiply defined.


LaTeX Warning: Label `sub@fig:second' multiply defined.


LaTeX Warning: Label `fig:figures' multiply defined.


LaTeX Warning: Label `fig:first' multiply defined.


LaTeX Warning: Label `sub@fig:first' multiply defined.


LaTeX Warning: Label `fig:second' multiply defined.


LaTeX Warning: Label `sub@fig:second' multiply defined.


LaTeX Warning: Label `fig:third' multiply defined.


LaTeX Warning: Label `sub@fig:third' multiply defined.


LaTeX Warning: Label `fig:figures' multiply defined.


LaTeX Warning: Label `fig:first' multiply defined.


LaTeX Warning: Label `sub@fig:first' multiply defined.


LaTeX Warning: Label `fig:second' multiply defined.


LaTeX Warning: Label `sub@fig:second' multiply defined.


LaTeX Warning: Label `fig:first' multiply defined.


LaTeX Warning: Label `sub@fig:first' multiply defined.


LaTeX Warning: Label `fig:second' multiply defined.


LaTeX Warning: Label `sub@fig:second' multiply defined.


LaTeX Warning: Label `fig:first' multiply defined.


LaTeX Warning: Label `sub@fig:first' multiply defined.


LaTeX Warning: Label `fig:second' multiply defined.


LaTeX Warning: Label `sub@fig:second' multiply defined.


LaTeX Warning: Label `fig:first' multiply defined.


LaTeX Warning: Label `sub@fig:first' multiply defined.


LaTeX Warning: Label `fig:second' multiply defined.


LaTeX Warning: Label `sub@fig:second' multiply defined.


LaTeX Warning: Label `fig:first' multiply defined.


LaTeX Warning: Label `sub@fig:first' multiply defined.


LaTeX Warning: Label `fig:second' multiply defined.


LaTeX Warning: Label `sub@fig:second' multiply defined.


LaTeX Warning: Label `fig:third' multiply defined.


LaTeX Warning: Label `sub@fig:third' multiply defined.

)
\openout1 = `main.aux'.

LaTeX Font Info:    Checking defaults for OML/cmm/m/it on input line 73.
LaTeX Font Info:    ... okay on input line 73.
LaTeX Font Info:    Checking defaults for OMS/cmsy/m/n on input line 73.
LaTeX Font Info:    ... okay on input line 73.
LaTeX Font Info:    Checking defaults for OT1/cmr/m/n on input line 73.
LaTeX Font Info:    ... okay on input line 73.
LaTeX Font Info:    Checking defaults for T1/cmr/m/n on input line 73.
LaTeX Font Info:    ... okay on input line 73.
LaTeX Font Info:    Checking defaults for TS1/cmr/m/n on input line 73.
LaTeX Font Info:    ... okay on input line 73.
LaTeX Font Info:    Checking defaults for OMX/cmex/m/n on input line 73.
LaTeX Font Info:    ... okay on input line 73.
LaTeX Font Info:    Checking defaults for U/cmr/m/n on input line 73.
LaTeX Font Info:    ... okay on input line 73.
 (/usr/local/texlive/2021/texmf-dist/tex/context/base/mkii/supp-pdf.mkii
[Loading MPS to PDF converter (version 2006.09.02).]
\scratchcounter=\count329
\scratchdimen=\dimen301
\scratchbox=\box93
\nofMPsegments=\count330
\nofMParguments=\count331
\everyMPshowfont=\toks47
\MPscratchCnt=\count332
\MPscratchDim=\dimen302
\MPnumerator=\count333
\makeMPintoPDFobject=\count334
\everyMPtoPDFconversion=\toks48
) (/usr/local/texlive/2021/texmf-dist/tex/latex/epstopdf-pkg/epstopdf-base.sty
Package: epstopdf-base 2020-01-24 v2.11 Base part for package epstopdf
Package epstopdf-base Info: Redefining graphics rule for `.eps' on input line 4
85.

(/usr/local/texlive/2021/texmf-dist/tex/latex/latexconfig/epstopdf-sys.cfg
File: epstopdf-sys.cfg 2010/07/13 v1.3 Configuration of (r)epstopdf for TeX Liv
e
))
Package pgfplots notification 'compat/show suggested version=true': document ha
s been generated with the most recent feature set (\pgfplotsset{compat=1.17}).

*geometry* driver: auto-detecting
*geometry* detected driver: pdftex
*geometry* verbose mode - [ preamble ] result:
* driver: pdftex
* paper: a4paper
* layout: <same size as paper>
* layoutoffset:(h,v)=(0.0pt,0.0pt)
* modes: 
* h-part:(L,W,R)=(89.62709pt, 418.25368pt, 89.6271pt)
* v-part:(T,H,B)=(101.40665pt, 591.5302pt, 152.11pt)
* \paperwidth=597.50787pt
* \paperheight=845.04684pt
* \textwidth=483.69684pt
* \textheight=711.3189pt
* \oddsidemargin=0.0pt
* \evensidemargin=0.0pt
* \topmargin=-42.67912pt
* \headheight=12.0pt
* \headsep=25.0pt
* \topskip=11.0pt
* \footskip=22.76228pt
* \marginparwidth=59.0pt
* \marginparsep=10.0pt
* \columnsep=10.0pt
* \skip\footins=10.0pt plus 4.0pt minus 2.0pt
* \hoffset=0.0pt
* \voffset=0.0pt
* \mag=1000
* \@twocolumnfalse
* \@twosidefalse
* \@mparswitchfalse
* \@reversemarginfalse
* (1in=72.27pt=25.4mm, 1cm=28.453pt)

Package caption Info: Begin \AtBeginDocument code.
Package caption Info: listings package is loaded.
Package caption Info: End \AtBeginDocument code.
\c@lstlisting=\count335
LaTeX Font Info:    Trying to load font information for OT1+ztmcm on input line
 74.
(/usr/local/texlive/2021/texmf-dist/tex/latex/psnfss/ot1ztmcm.fd
File: ot1ztmcm.fd 2000/01/03 Fontinst v1.801 font definitions for OT1/ztmcm.
)
LaTeX Font Info:    Trying to load font information for OML+ztmcm on input line
 74.

(/usr/local/texlive/2021/texmf-dist/tex/latex/psnfss/omlztmcm.fd
File: omlztmcm.fd 2000/01/03 Fontinst v1.801 font definitions for OML/ztmcm.
)
LaTeX Font Info:    Trying to load font information for OMS+ztmcm on input line
 74.

(/usr/local/texlive/2021/texmf-dist/tex/latex/psnfss/omsztmcm.fd
File: omsztmcm.fd 2000/01/03 Fontinst v1.801 font definitions for OMS/ztmcm.
)
LaTeX Font Info:    Trying to load font information for OMX+ztmcm on input line
 74.

(/usr/local/texlive/2021/texmf-dist/tex/latex/psnfss/omxztmcm.fd
File: omxztmcm.fd 2000/01/03 Fontinst v1.801 font definitions for OMX/ztmcm.
)
LaTeX Font Info:    Font shape `OT1/ptm/bx/n' in size <12> not available
(Font)              Font shape `OT1/ptm/b/n' tried instead on input line 74.
LaTeX Font Info:    Font shape `OT1/ptm/bx/n' in size <9> not available
(Font)              Font shape `OT1/ptm/b/n' tried instead on input line 74.
LaTeX Font Info:    Font shape `OT1/ptm/bx/n' in size <7> not available
(Font)              Font shape `OT1/ptm/b/n' tried instead on input line 74.
 [1

{/usr/local/texlive/2021/texmf-var/fonts/map/pdftex/updmap/pdftex.map}]
<res/t0/t01/t01-missing-values-res.png, id=10, 408.52625pt x 51.19125pt>
File: res/t0/t01/t01-missing-values-res.png Graphic file (type png)
<use res/t0/t01/t01-missing-values-res.png>
Package pdftex.def Info: res/t0/t01/t01-missing-values-res.png  used on input l
ine 83.
(pdftex.def)             Requested size: 204.26262pt x 25.59555pt.
<res/t0/t01/t01-workflow.png, id=12, 966.61125pt x 163.61125pt>
File: res/t0/t01/t01-workflow.png Graphic file (type png)
<use res/t0/t01/t01-workflow.png>
Package pdftex.def Info: res/t0/t01/t01-workflow.png  used on input line 89.
(pdftex.def)             Requested size: 483.30444pt x 81.80542pt.
<res/t0/t01/t01-statistics-conf.png, id=13, 737.75626pt x 443.6575pt>
File: res/t0/t01/t01-statistics-conf.png Graphic file (type png)
<use res/t0/t01/t01-statistics-conf.png>
Package pdftex.def Info: res/t0/t01/t01-statistics-conf.png  used on input line
 96.
(pdftex.def)             Requested size: 193.47577pt x 116.34335pt.
LaTeX Font Info:    Font shape `OT1/ptm/bx/n' in size <10.95> not available
(Font)              Font shape `OT1/ptm/b/n' tried instead on input line 99.
LaTeX Font Info:    Font shape `OT1/ptm/bx/n' in size <8> not available
(Font)              Font shape `OT1/ptm/b/n' tried instead on input line 99.
LaTeX Font Info:    Font shape `OT1/ptm/bx/n' in size <6> not available
(Font)              Font shape `OT1/ptm/b/n' tried instead on input line 99.
<res/t0/t01/t01-column-filter-conf.png, id=14, 737.75626pt x 443.6575pt>
File: res/t0/t01/t01-column-filter-conf.png Graphic file (type png)
<use res/t0/t01/t01-column-filter-conf.png>
Package pdftex.def Info: res/t0/t01/t01-column-filter-conf.png  used on input l
ine 102.
(pdftex.def)             Requested size: 193.47577pt x 116.34335pt.
<res/t0/t01/t01-groupby-conf-1.png, id=15, 867.24pt x 437.635pt>
File: res/t0/t01/t01-groupby-conf-1.png Graphic file (type png)
<use res/t0/t01/t01-groupby-conf-1.png>
Package pdftex.def Info: res/t0/t01/t01-groupby-conf-1.png  used on input line 
108.
(pdftex.def)             Requested size: 193.47577pt x 97.6289pt.
<res/t0/t01/t01-groupby-conf-2.png, id=16, 867.24pt x 437.635pt>
File: res/t0/t01/t01-groupby-conf-2.png Graphic file (type png)
<use res/t0/t01/t01-groupby-conf-2.png>
Package pdftex.def Info: res/t0/t01/t01-groupby-conf-2.png  used on input line 
114.
(pdftex.def)             Requested size: 193.47577pt x 97.6289pt.
 [2 <./res/t0/t01/t01-missing-values-res.png> <./res/t0/t01/t01-workflow.png> <
./res/t0/t01/t01-statistics-conf.png> <./res/t0/t01/t01-column-filter-conf.png>
 <./res/t0/t01/t01-groupby-conf-1.png> <./res/t0/t01/t01-groupby-conf-2.png>]
<res/t0/t02/t02-results.png, id=27, 279.0425pt x 109.40875pt>
File: res/t0/t02/t02-results.png Graphic file (type png)
<use res/t0/t02/t02-results.png>
Package pdftex.def Info: res/t0/t02/t02-results.png  used on input line 126.
(pdftex.def)             Requested size: 139.5209pt x 54.70422pt.
<res/t0/t02/t02-workflow.png, id=28, 964.60374pt x 262.9825pt>
File: res/t0/t02/t02-workflow.png Graphic file (type png)
<use res/t0/t02/t02-workflow.png>
Package pdftex.def Info: res/t0/t02/t02-workflow.png  used on input line 132.
(pdftex.def)             Requested size: 482.30069pt x 131.49092pt.
<res/t0/t02/t02-duplicate-filter-conf.png, id=29, 732.7375pt x 296.10625pt>
File: res/t0/t02/t02-duplicate-filter-conf.png Graphic file (type png)
<use res/t0/t02/t02-duplicate-filter-conf.png>
Package pdftex.def Info: res/t0/t02/t02-duplicate-filter-conf.png  used on inpu
t line 139.
(pdftex.def)             Requested size: 193.47577pt x 78.18312pt.
<res/t0/t02/t02-concat-conf.png, id=30, 502.87875pt x 307.1475pt>
File: res/t0/t02/t02-concat-conf.png Graphic file (type png)
<use res/t0/t02/t02-concat-conf.png>
Package pdftex.def Info: res/t0/t02/t02-concat-conf.png  used on input line 145
.
(pdftex.def)             Requested size: 193.47577pt x 118.17012pt.
LaTeX Font Info:    Font shape `OT1/ptm/bx/n' in size <5> not available
(Font)              Font shape `OT1/ptm/b/n' tried instead on input line 157.
 [3 <./res/t0/t02/t02-results.png> <./res/t0/t02/t02-workflow.png> <./res/t0/t0
2/t02-duplicate-filter-conf.png> <./res/t0/t02/t02-concat-conf.png>]
<res/t0/t03/t03-results.png, id=42, 380.42125pt x 160.6pt>
File: res/t0/t03/t03-results.png Graphic file (type png)
<use res/t0/t03/t03-results.png>
Package pdftex.def Info: res/t0/t03/t03-results.png  used on input line 160.
(pdftex.def)             Requested size: 190.21014pt x 80.29979pt.
<res/t0/t03/t03-results-box-plot-1.png, id=43, 1003.75pt x 693.59125pt>
File: res/t0/t03/t03-results-box-plot-1.png Graphic file (type png)
<use res/t0/t03/t03-results-box-plot-1.png>
Package pdftex.def Info: res/t0/t03/t03-results-box-plot-1.png  used on input l
ine 168.
(pdftex.def)             Requested size: 193.47577pt x 133.6887pt.
<res/t0/t03/t03-results-box-plot-2.png, id=44, 1003.75pt x 693.59125pt>
File: res/t0/t03/t03-results-box-plot-2.png Graphic file (type png)
<use res/t0/t03/t03-results-box-plot-2.png>
Package pdftex.def Info: res/t0/t03/t03-results-box-plot-2.png  used on input l
ine 174.
(pdftex.def)             Requested size: 193.47577pt x 133.6887pt.
<res/t0/t03/t03-workflow.png, id=45, 964.60374pt x 346.29375pt>
File: res/t0/t03/t03-workflow.png Graphic file (type png)
<use res/t0/t03/t03-workflow.png>
Package pdftex.def Info: res/t0/t03/t03-workflow.png  used on input line 184.
(pdftex.def)             Requested size: 482.30069pt x 173.14644pt.
<res/t0/t03/t03-math-formula-max-outliers-conf.png, id=46, 873.2625pt x 518.938
75pt>
File: res/t0/t03/t03-math-formula-max-outliers-conf.png Graphic file (type png)

<use res/t0/t03/t03-math-formula-max-outliers-conf.png>
Package pdftex.def Info: res/t0/t03/t03-math-formula-max-outliers-conf.png  use
d on input line 191.
(pdftex.def)             Requested size: 193.47577pt x 114.97455pt.
LaTeX Font Info:    Font shape `OT1/ptm/bx/n' in size <10> not available
(Font)              Font shape `OT1/ptm/b/n' tried instead on input line 192.
LaTeX Font Info:    Font shape `OT1/ptm/bx/n' in size <7.4> not available
(Font)              Font shape `OT1/ptm/b/n' tried instead on input line 192.
<res/t0/t03/t03-math-formula-min-outliers-conf.png, id=47, 873.2625pt x 518.938
75pt>
File: res/t0/t03/t03-math-formula-min-outliers-conf.png Graphic file (type png)

<use res/t0/t03/t03-math-formula-min-outliers-conf.png>
Package pdftex.def Info: res/t0/t03/t03-math-formula-min-outliers-conf.png  use
d on input line 197.
(pdftex.def)             Requested size: 193.47577pt x 114.97455pt.
<res/t0/t03/t03-min-outliers-filter-conf.png, id=48, 692.5875pt x 506.89375pt>
File: res/t0/t03/t03-min-outliers-filter-conf.png Graphic file (type png)
<use res/t0/t03/t03-min-outliers-filter-conf.png>
Package pdftex.def Info: res/t0/t03/t03-min-outliers-filter-conf.png  used on i
nput line 203.
(pdftex.def)             Requested size: 193.47577pt x 141.5967pt.
<res/t0/t03/t03-max-outliers-filter-conf.png, id=49, 692.5875pt x 506.89375pt>
File: res/t0/t03/t03-max-outliers-filter-conf.png Graphic file (type png)
<use res/t0/t03/t03-max-outliers-filter-conf.png>
Package pdftex.def Info: res/t0/t03/t03-max-outliers-filter-conf.png  used on i
nput line 209.
(pdftex.def)             Requested size: 193.47577pt x 141.5967pt.
 [4 <./res/t0/t03/t03-results.png> <./res/t0/t03/t03-results-box-plot-1.png> <.
/res/t0/t03/t03-results-box-plot-2.png> <./res/t0/t03/t03-workflow.png>]
<res/t0/t04/t04-workflow.png, id=57, 280.04625pt x 169.63374pt>
File: res/t0/t04/t04-workflow.png Graphic file (type png)
<use res/t0/t04/t04-workflow.png>
Package pdftex.def Info: res/t0/t04/t04-workflow.png  used on input line 221.
(pdftex.def)             Requested size: 140.02277pt x 84.81665pt.
<res/t0/t04/t04-number-to-string-ppml-conf.png, id=58, 754.82pt x 438.63875pt>
File: res/t0/t04/t04-number-to-string-ppml-conf.png Graphic file (type png)
<use res/t0/t04/t04-number-to-string-ppml-conf.png>
Package pdftex.def Info: res/t0/t04/t04-number-to-string-ppml-conf.png  used on
 input line 228.
(pdftex.def)             Requested size: 226.44775pt x 131.59264pt.
 [5 <./res/t0/t03/t03-math-formula-max-outliers-conf.png> <./res/t0/t03/t03-mat
h-formula-min-outliers-conf.png> <./res/t0/t03/t03-min-outliers-filter-conf.png
> <./res/t0/t03/t03-max-outliers-filter-conf.png> <./res/t0/t04/t04-workflow.pn
g> <./res/t0/t04/t04-number-to-string-ppml-conf.png>]
<res/t0/t05/t05-workflow.png, id=68, 892.33376pt x 327.2225pt>
File: res/t0/t05/t05-workflow.png Graphic file (type png)
<use res/t0/t05/t05-workflow.png>
Package pdftex.def Info: res/t0/t05/t05-workflow.png  used on input line 237.
(pdftex.def)             Requested size: 446.16579pt x 163.61084pt.
<res/t1/t11/t11-workflow.png, id=69, 560.0925pt x 224.84pt>
File: res/t1/t11/t11-workflow.png Graphic file (type png)
<use res/t1/t11/t11-workflow.png>
Package pdftex.def Info: res/t1/t11/t11-workflow.png  used on input line 247.
(pdftex.def)             Requested size: 280.04556pt x 112.41972pt.
<res/t1/t11/t11-color-manager-conf.png, id=70, 768.8725pt x 402.50375pt>
File: res/t1/t11/t11-color-manager-conf.png Graphic file (type png)
<use res/t1/t11/t11-color-manager-conf.png>
Package pdftex.def Info: res/t1/t11/t11-color-manager-conf.png  used on input l
ine 255.
(pdftex.def)             Requested size: 193.47577pt x 101.28285pt.
<res/t1/t11/t11-PCA-conf.png, id=71, 768.8725pt x 508.90125pt>
File: res/t1/t11/t11-PCA-conf.png Graphic file (type png)
<use res/t1/t11/t11-PCA-conf.png>
Package pdftex.def Info: res/t1/t11/t11-PCA-conf.png  used on input line 261.
(pdftex.def)             Requested size: 193.47577pt x 128.05588pt.
<res/t1/t11/t11-column-resorter-conf.png, id=72, 541.02126pt x 416.55624pt>
File: res/t1/t11/t11-column-resorter-conf.png Graphic file (type png)
<use res/t1/t11/t11-column-resorter-conf.png>
Package pdftex.def Info: res/t1/t11/t11-column-resorter-conf.png  used on input
 line 267.
(pdftex.def)             Requested size: 193.47577pt x 148.96222pt.
 [6 <./res/t0/t05/t05-workflow.png> <./res/t1/t11/t11-workflow.png>]
<res/t1/t11/t11-plot1.png, id=78, 899.36pt x 450.68375pt>
File: res/t1/t11/t11-plot1.png Graphic file (type png)
<use res/t1/t11/t11-plot1.png>
Package pdftex.def Info: res/t1/t11/t11-plot1.png  used on input line 277.
(pdftex.def)             Requested size: 449.6789pt x 225.34131pt.
<res/t1/t12/t12-workflow.png, id=79, 665.48625pt x 224.84pt>
File: res/t1/t12/t12-workflow.png Graphic file (type png)
<use res/t1/t12/t12-workflow.png>
Package pdftex.def Info: res/t1/t12/t12-workflow.png  used on input line 284.
(pdftex.def)             Requested size: 232.92368pt x 78.69518pt.
 [7 <./res/t1/t11/t11-color-manager-conf.png> <./res/t1/t11/t11-PCA-conf.png> <
./res/t1/t11/t11-column-resorter-conf.png> <./res/t1/t11/t11-plot1.png>]
<res/t1/t12/t12-kmeans-wss-conf.png, id=88, 691.58376pt x 437.635pt>
File: res/t1/t12/t12-kmeans-wss-conf.png Graphic file (type png)
<use res/t1/t12/t12-kmeans-wss-conf.png>
Package pdftex.def Info: res/t1/t12/t12-kmeans-wss-conf.png  used on input line
 293.
(pdftex.def)             Requested size: 193.47577pt x 122.43011pt.

Underfull \hbox (badness 1377) in paragraph at lines 294--294
\OT1/ptm/m/n/10 ter-ing al-go-rithm of choice, the ex-act inner-
 []

<res/t1/t12/t12-color-manager-conf.png, id=89, 719.68875pt x 485.815pt>
File: res/t1/t12/t12-color-manager-conf.png Graphic file (type png)
<use res/t1/t12/t12-color-manager-conf.png>
Package pdftex.def Info: res/t1/t12/t12-color-manager-conf.png  used on input l
ine 299.
(pdftex.def)             Requested size: 193.47577pt x 130.601pt.
<res/t1/t12/t12-plot2.png, id=90, 893.3375pt x 458.71375pt>
File: res/t1/t12/t12-plot2.png Graphic file (type png)
<use res/t1/t12/t12-plot2.png>
Package pdftex.def Info: res/t1/t12/t12-plot2.png  used on input line 309.
(pdftex.def)             Requested size: 446.66765pt x 229.35631pt.
[8 <./res/t1/t12/t12-workflow.png> <./res/t1/t12/t12-kmeans-wss-conf.png> <./re
s/t1/t12/t12-color-manager-conf.png> <./res/t1/t12/t12-plot2.png>]
<res/t1/t12/t12-kmeans-1.png, id=99, 595.22375pt x 20.075pt>
File: res/t1/t12/t12-kmeans-1.png Graphic file (type png)
<use res/t1/t12/t12-kmeans-1.png>
Package pdftex.def Info: res/t1/t12/t12-kmeans-1.png  used on input line 318.
(pdftex.def)             Requested size: 297.61115pt x 10.03746pt.
<res/t1/t12/t12-kmeans-2.png, id=100, 595.22375pt x 46.1725pt>
File: res/t1/t12/t12-kmeans-2.png Graphic file (type png)
<use res/t1/t12/t12-kmeans-2.png>
Package pdftex.def Info: res/t1/t12/t12-kmeans-2.png  used on input line 324.
(pdftex.def)             Requested size: 297.61115pt x 23.08618pt.
<res/t1/t12/t12-kmeans-3.png, id=101, 595.22375pt x 192.72pt>
File: res/t1/t12/t12-kmeans-3.png Graphic file (type png)
<use res/t1/t12/t12-kmeans-3.png>
Package pdftex.def Info: res/t1/t12/t12-kmeans-3.png  used on input line 330.
(pdftex.def)             Requested size: 297.61115pt x 96.35976pt.
<res/t1/t12/t12-kmeans-4.png, id=102, 595.22375pt x 52.195pt>
File: res/t1/t12/t12-kmeans-4.png Graphic file (type png)
<use res/t1/t12/t12-kmeans-4.png>
Package pdftex.def Info: res/t1/t12/t12-kmeans-4.png  used on input line 336.
(pdftex.def)             Requested size: 297.61115pt x 26.09743pt.
<res/t1/t12/t12-kmeans-5.png, id=103, 595.22375pt x 108.405pt>
File: res/t1/t12/t12-kmeans-5.png Graphic file (type png)
<use res/t1/t12/t12-kmeans-5.png>
Package pdftex.def Info: res/t1/t12/t12-kmeans-5.png  used on input line 342.
(pdftex.def)             Requested size: 297.61115pt x 54.20236pt.
<res/t1/t12/t12-kmeans-6.png, id=104, 595.22375pt x 108.405pt>
File: res/t1/t12/t12-kmeans-6.png Graphic file (type png)
<use res/t1/t12/t12-kmeans-6.png>
Package pdftex.def Info: res/t1/t12/t12-kmeans-6.png  used on input line 348.
(pdftex.def)             Requested size: 297.61115pt x 54.20236pt.
<res/t1/t12/t12-kmeans-7.png, id=105, 639.38875pt x 108.405pt>
File: res/t1/t12/t12-kmeans-7.png Graphic file (type png)
<use res/t1/t12/t12-kmeans-7.png>
Package pdftex.def Info: res/t1/t12/t12-kmeans-7.png  used on input line 349.
(pdftex.def)             Requested size: 319.69359pt x 54.20236pt.
<res/t1/t12/t12-kmeans-8.png, id=106, 639.38875pt x 108.405pt>
File: res/t1/t12/t12-kmeans-8.png Graphic file (type png)
<use res/t1/t12/t12-kmeans-8.png>
Package pdftex.def Info: res/t1/t12/t12-kmeans-8.png  used on input line 350.
(pdftex.def)             Requested size: 319.69359pt x 54.20236pt.
 [9 <./res/t1/t12/t12-kmeans-1.png> <./res/t1/t12/t12-kmeans-2.png> <./res/t1/t
12/t12-kmeans-3.png> <./res/t1/t12/t12-kmeans-4.png> <./res/t1/t12/t12-kmeans-5
.png> <./res/t1/t12/t12-kmeans-6.png> <./res/t1/t12/t12-kmeans-7.png> <./res/t1
/t12/t12-kmeans-8.png>]
<res/t1/t14/t14-workflow.png, id=118, 906.38625pt x 423.5825pt>
File: res/t1/t14/t14-workflow.png Graphic file (type png)
<use res/t1/t14/t14-workflow.png>
Package pdftex.def Info: res/t1/t14/t14-workflow.png  used on input line 362.
(pdftex.def)             Requested size: 226.59601pt x 105.89536pt.
<res/t1/t14/t14-row-filter-1-conf.png, id=119, 679.53876pt x 489.83pt>
File: res/t1/t14/t14-row-filter-1-conf.png Graphic file (type png)
<use res/t1/t14/t14-row-filter-1-conf.png>
Package pdftex.def Info: res/t1/t14/t14-row-filter-1-conf.png  used on input li
ne 370.
(pdftex.def)             Requested size: 193.47577pt x 139.46098pt.
<res/t1/t14/t14-row-filter-2-conf.png, id=120, 679.53876pt x 489.83pt>
File: res/t1/t14/t14-row-filter-2-conf.png Graphic file (type png)
<use res/t1/t14/t14-row-filter-2-conf.png>
Package pdftex.def Info: res/t1/t14/t14-row-filter-2-conf.png  used on input li
ne 376.
(pdftex.def)             Requested size: 193.47577pt x 139.46098pt.
<res/t1/t14/t14-row-filter-3-conf.png, id=121, 679.53876pt x 489.83pt>
File: res/t1/t14/t14-row-filter-3-conf.png Graphic file (type png)
<use res/t1/t14/t14-row-filter-3-conf.png>
Package pdftex.def Info: res/t1/t14/t14-row-filter-3-conf.png  used on input li
ne 382.
(pdftex.def)             Requested size: 193.47577pt x 139.46098pt.
<res/t1/t14/t14-plot3a.png, id=122, 906.38625pt x 453.695pt>
File: res/t1/t14/t14-plot3a.png Graphic file (type png)
<use res/t1/t14/t14-plot3a.png>
Package pdftex.def Info: res/t1/t14/t14-plot3a.png  used on input line 394.
(pdftex.def)             Requested size: 193.47577pt x 96.8433pt.
<res/t1/t14/t14-plot3b.png, id=123, 906.38625pt x 453.695pt>
File: res/t1/t14/t14-plot3b.png Graphic file (type png)
<use res/t1/t14/t14-plot3b.png>
Package pdftex.def Info: res/t1/t14/t14-plot3b.png  used on input line 400.
(pdftex.def)             Requested size: 193.47577pt x 96.8433pt.
<res/t1/t14/t14-plot3c.png, id=124, 906.38625pt x 453.695pt>
File: res/t1/t14/t14-plot3c.png Graphic file (type png)
<use res/t1/t14/t14-plot3c.png>
Package pdftex.def Info: res/t1/t14/t14-plot3c.png  used on input line 406.
(pdftex.def)             Requested size: 193.47577pt x 96.8433pt.
 [10 <./res/t1/t14/t14-workflow.png> <./res/t1/t14/t14-row-filter-1-conf.png> <
./res/t1/t14/t14-row-filter-2-conf.png> <./res/t1/t14/t14-row-filter-3-conf.png
>]
<res/t1/t14/t14-plota-dist.png, id=132, 749.80125pt x 440.64626pt>
File: res/t1/t14/t14-plota-dist.png Graphic file (type png)
<use res/t1/t14/t14-plota-dist.png>
Package pdftex.def Info: res/t1/t14/t14-plota-dist.png  used on input line 418.

(pdftex.def)             Requested size: 193.47577pt x 113.69795pt.
<res/t1/t14/t14-plotb-dist.png, id=133, 749.80125pt x 440.64626pt>
File: res/t1/t14/t14-plotb-dist.png Graphic file (type png)
<use res/t1/t14/t14-plotb-dist.png>
Package pdftex.def Info: res/t1/t14/t14-plotb-dist.png  used on input line 424.

(pdftex.def)             Requested size: 193.47577pt x 113.69795pt.
<res/t1/t14/t14-plotc-dist.png, id=134, 749.80125pt x 440.64626pt>
File: res/t1/t14/t14-plotc-dist.png Graphic file (type png)
<use res/t1/t14/t14-plotc-dist.png>
Package pdftex.def Info: res/t1/t14/t14-plotc-dist.png  used on input line 430.

(pdftex.def)             Requested size: 193.47577pt x 113.69795pt.
<res/t1/t15/t15-workflow.png, id=135, 1128.215pt x 222.8325pt>
File: res/t1/t15/t15-workflow.png Graphic file (type png)
<use res/t1/t15/t15-workflow.png>
Package pdftex.def Info: res/t1/t15/t15-workflow.png  used on input line 442.
(pdftex.def)             Requested size: 282.05305pt x 55.70798pt.
 [11 <./res/t1/t14/t14-plot3a.png> <./res/t1/t14/t14-plot3b.png> <./res/t1/t14/
t14-plot3c.png> <./res/t1/t14/t14-plota-dist.png> <./res/t1/t14/t14-plotb-dist.
png> <./res/t1/t14/t14-plotc-dist.png>]
<res/t1/t15/t15-counting-loop-start-conf.png, id=145, 509.905pt x 277.035pt>
File: res/t1/t15/t15-counting-loop-start-conf.png Graphic file (type png)
<use res/t1/t15/t15-counting-loop-start-conf.png>
Package pdftex.def Info: res/t1/t15/t15-counting-loop-start-conf.png  used on i
nput line 450.
(pdftex.def)             Requested size: 169.29684pt x 91.97981pt.
<res/t1/t15/t15-shuffle-conf.png, id=146, 509.905pt x 277.035pt>
File: res/t1/t15/t15-shuffle-conf.png Graphic file (type png)
<use res/t1/t15/t15-shuffle-conf.png>
Package pdftex.def Info: res/t1/t15/t15-shuffle-conf.png  used on input line 45
6.
(pdftex.def)             Requested size: 169.29684pt x 91.97981pt.
<res/t1/t15/t15-loop-end-conf.png, id=147, 509.905pt x 353.32pt>
File: res/t1/t15/t15-loop-end-conf.png Graphic file (type png)
<use res/t1/t15/t15-loop-end-conf.png>
Package pdftex.def Info: res/t1/t15/t15-loop-end-conf.png  used on input line 4
62.
(pdftex.def)             Requested size: 169.29684pt x 117.3076pt.
<res/t1/t15/t15-row-id-conf.png, id=148, 540.0175pt x 378.41376pt>
File: res/t1/t15/t15-row-id-conf.png Graphic file (type png)
<use res/t1/t15/t15-row-id-conf.png>
Package pdftex.def Info: res/t1/t15/t15-row-id-conf.png  used on input line 467
.
(pdftex.def)             Requested size: 193.47577pt x 135.57637pt.
<res/t1/t15/t15-math-formula-conf.png, id=149, 850.17625pt x 590.205pt>
File: res/t1/t15/t15-math-formula-conf.png Graphic file (type png)
<use res/t1/t15/t15-math-formula-conf.png>
Package pdftex.def Info: res/t1/t15/t15-math-formula-conf.png  used on input li
ne 473.
(pdftex.def)             Requested size: 169.29684pt x 117.52557pt.
<res/t1/t15/t15-domain-calculator-conf.png, id=150, 756.8275pt x 396.48125pt>
File: res/t1/t15/t15-domain-calculator-conf.png Graphic file (type png)
<use res/t1/t15/t15-domain-calculator-conf.png>
Package pdftex.def Info: res/t1/t15/t15-domain-calculator-conf.png  used on inp
ut line 479.
(pdftex.def)             Requested size: 169.29684pt x 88.69019pt.
<res/t1/t15/t15-numeric-outliers-conf.png, id=151, 756.8275pt x 496.85625pt>
File: res/t1/t15/t15-numeric-outliers-conf.png Graphic file (type png)
<use res/t1/t15/t15-numeric-outliers-conf.png>
Package pdftex.def Info: res/t1/t15/t15-numeric-outliers-conf.png  used on inpu
t line 484.
(pdftex.def)             Requested size: 169.29684pt x 111.1434pt.
 [12 <./res/t1/t15/t15-workflow.png>] [13 <./res/t1/t15/t15-counting-loop-start
-conf.png> <./res/t1/t15/t15-shuffle-conf.png> <./res/t1/t15/t15-loop-end-conf.
png> <./res/t1/t15/t15-row-id-conf.png> <./res/t1/t15/t15-math-formula-conf.png
> <./res/t1/t15/t15-domain-calculator-conf.png> <./res/t1/t15/t15-numeric-outli
ers-conf.png>]
<res/t1/t15/t15-SSE.png, id=167, 617.30624pt x 350.30875pt>
File: res/t1/t15/t15-SSE.png Graphic file (type png)
<use res/t1/t15/t15-SSE.png>
Package pdftex.def Info: res/t1/t15/t15-SSE.png  used on input line 496.
(pdftex.def)             Requested size: 308.65236pt x 175.15395pt.

Underfull \hbox (badness 10000) in paragraph at lines 513--517

 []

<res/t1/t15/t15-WSS.png, id=168, 1008.76875pt x 472.76625pt>
File: res/t1/t15/t15-WSS.png Graphic file (type png)
<use res/t1/t15/t15-WSS.png>
Package pdftex.def Info: res/t1/t15/t15-WSS.png  used on input line 527.
(pdftex.def)             Requested size: 193.47577pt x 90.67053pt.
<res/t1/t15/t15-BSS.png, id=169, 1008.76875pt x 472.76625pt>
File: res/t1/t15/t15-BSS.png Graphic file (type png)
<use res/t1/t15/t15-BSS.png>
Package pdftex.def Info: res/t1/t15/t15-BSS.png  used on input line 533.
(pdftex.def)             Requested size: 193.47577pt x 90.67053pt.
[14 <./res/t1/t15/t15-SSE.png>]

LaTeX Warning: Citation `7' on page 15 undefined on input line 558.

<res/t1/t15/t15-WSS-plot.png, id=175, 915.42pt x 670.505pt>
File: res/t1/t15/t15-WSS-plot.png Graphic file (type png)
<use res/t1/t15/t15-WSS-plot.png>
Package pdftex.def Info: res/t1/t15/t15-WSS-plot.png  used on input line 564.
(pdftex.def)             Requested size: 193.47577pt x 141.71054pt.
<res/t1/t15/t15-BSS-plot.png, id=176, 915.42pt x 670.505pt>
File: res/t1/t15/t15-BSS-plot.png Graphic file (type png)
<use res/t1/t15/t15-BSS-plot.png>
Package pdftex.def Info: res/t1/t15/t15-BSS-plot.png  used on input line 570.
(pdftex.def)             Requested size: 193.47577pt x 141.71054pt.
<res/t1/t15/t15-Ratio-plot.png, id=177, 915.42pt x 670.505pt>
File: res/t1/t15/t15-Ratio-plot.png Graphic file (type png)
<use res/t1/t15/t15-Ratio-plot.png>
Package pdftex.def Info: res/t1/t15/t15-Ratio-plot.png  used on input line 576.

(pdftex.def)             Requested size: 193.47577pt x 141.71054pt.
[15 <./res/t1/t15/t15-WSS.png> <./res/t1/t15/t15-BSS.png>]
<res/t2/t21/t21-no-norm.png, id=183, 528.97626pt x 220.825pt>
File: res/t2/t21/t21-no-norm.png Graphic file (type png)
<use res/t2/t21/t21-no-norm.png>
Package pdftex.def Info: res/t2/t21/t21-no-norm.png  used on input line 589.
(pdftex.def)             Requested size: 132.24373pt x 55.2061pt.
 [16 <./res/t1/t15/t15-WSS-plot.png> <./res/t1/t15/t15-BSS-plot.png> <./res/t1/
t15/t15-Ratio-plot.png> <./res/t2/t21/t21-no-norm.png>]
<res/t2/t23/t23-workflow.png, id=191, 644.4075pt x 214.8025pt>
File: res/t2/t23/t23-workflow.png Graphic file (type png)
<use res/t2/t23/t23-workflow.png>
Package pdftex.def Info: res/t2/t23/t23-workflow.png  used on input line 604.
(pdftex.def)             Requested size: 225.546pt x 75.18199pt.
<res/t2/t24/t24-plot21.png, id=192, 902.37125pt x 462.72874pt>
File: res/t2/t24/t24-plot21.png Graphic file (type png)
<use res/t2/t24/t24-plot21.png>
Package pdftex.def Info: res/t2/t24/t24-plot21.png  used on input line 612.
(pdftex.def)             Requested size: 193.47577pt x 99.20937pt.
<res/t2/t24/t24-plot22.png, id=193, 902.37125pt x 462.72874pt>
File: res/t2/t24/t24-plot22.png Graphic file (type png)
<use res/t2/t24/t24-plot22.png>
Package pdftex.def Info: res/t2/t24/t24-plot22.png  used on input line 618.
(pdftex.def)             Requested size: 193.47577pt x 99.20937pt.
<res/t2/t24/t24-plot23a.png, id=194, 902.37125pt x 462.72874pt>
File: res/t2/t24/t24-plot23a.png Graphic file (type png)
<use res/t2/t24/t24-plot23a.png>
Package pdftex.def Info: res/t2/t24/t24-plot23a.png  used on input line 624.
(pdftex.def)             Requested size: 145.11052pt x 74.40526pt.
<res/t2/t24/t24-plot23a-dist.png, id=195, 748.7975pt x 457.71pt>
File: res/t2/t24/t24-plot23a-dist.png Graphic file (type png)
<use res/t2/t24/t24-plot23a-dist.png>
Package pdftex.def Info: res/t2/t24/t24-plot23a-dist.png  used on input line 63
0.
(pdftex.def)             Requested size: 145.11052pt x 88.69785pt.
<res/t2/t24/t24-plot23b.png, id=196, 902.37125pt x 462.72874pt>
File: res/t2/t24/t24-plot23b.png Graphic file (type png)
<use res/t2/t24/t24-plot23b.png>
Package pdftex.def Info: res/t2/t24/t24-plot23b.png  used on input line 636.
(pdftex.def)             Requested size: 145.11052pt x 74.40526pt.
<res/t2/t24/t24-plot23b-dist.png, id=197, 748.7975pt x 457.71pt>
File: res/t2/t24/t24-plot23b-dist.png Graphic file (type png)
<use res/t2/t24/t24-plot23b-dist.png>
Package pdftex.def Info: res/t2/t24/t24-plot23b-dist.png  used on input line 64
2.
(pdftex.def)             Requested size: 145.11052pt x 88.69785pt.
<res/t2/t24/t24-plot23c.png, id=198, 902.37125pt x 462.72874pt>
File: res/t2/t24/t24-plot23c.png Graphic file (type png)
<use res/t2/t24/t24-plot23c.png>
Package pdftex.def Info: res/t2/t24/t24-plot23c.png  used on input line 648.
(pdftex.def)             Requested size: 145.11052pt x 74.40526pt.
<res/t2/t24/t24-plot23c-dist.png, id=199, 748.7975pt x 457.71pt>
File: res/t2/t24/t24-plot23c-dist.png Graphic file (type png)
<use res/t2/t24/t24-plot23c-dist.png>
Package pdftex.def Info: res/t2/t24/t24-plot23c-dist.png  used on input line 65
4.
(pdftex.def)             Requested size: 145.11052pt x 88.69785pt.
<res/t2/t24/t24-WSS-plot.png, id=200, 969.6225pt x 690.58pt>
File: res/t2/t24/t24-WSS-plot.png Graphic file (type png)
<use res/t2/t24/t24-WSS-plot.png>
Package pdftex.def Info: res/t2/t24/t24-WSS-plot.png  used on input line 660.
(pdftex.def)             Requested size: 145.11052pt x 103.35071pt.
<res/t2/t24/t24-BSS-plot.png, id=201, 969.6225pt x 690.58pt>
File: res/t2/t24/t24-BSS-plot.png Graphic file (type png)
<use res/t2/t24/t24-BSS-plot.png>
Package pdftex.def Info: res/t2/t24/t24-BSS-plot.png  used on input line 666.
(pdftex.def)             Requested size: 145.11052pt x 103.35071pt.
<res/t2/t24/t24-Ratio-plot.png, id=202, 969.6225pt x 690.58pt>
File: res/t2/t24/t24-Ratio-plot.png Graphic file (type png)
<use res/t2/t24/t24-Ratio-plot.png>
Package pdftex.def Info: res/t2/t24/t24-Ratio-plot.png  used on input line 672.

(pdftex.def)             Requested size: 145.11052pt x 103.35071pt.
 [17 <./res/t2/t23/t23-workflow.png>]
[18 <./res/t2/t24/t24-plot21.png> <./res/t2/t24/t24-plot22.png> <./res/t2/t24/t
24-plot23a.png> <./res/t2/t24/t24-plot23a-dist.png> <./res/t2/t24/t24-plot23b.p
ng> <./res/t2/t24/t24-plot23b-dist.png> <./res/t2/t24/t24-plot23c.png> <./res/t
2/t24/t24-plot23c-dist.png> <./res/t2/t24/t24-WSS-plot.png> <./res/t2/t24/t24-B
SS-plot.png> <./res/t2/t24/t24-Ratio-plot.png>]
Underfull \hbox (badness 3375) in paragraph at lines 693--694
[]\OT1/ptm/m/it/10.95 Shanker M, Hu MY, Hung MS, Ef-fect of Data Stan-dard-iza-
tion on Neu-ral Net-work Train-ing
 []

[19] (./main.aux)

LaTeX Warning: There were undefined references.


LaTeX Warning: There were multiply-defined labels.

 ) 
Here is how much of TeX's memory you used:
 31037 strings out of 478994
 756370 string characters out of 5858184
 1230528 words of memory out of 5000000
 47863 multiletter control sequences out of 15000+600000
 456107 words of font info for 128 fonts, out of 8000000 for 9000
 1141 hyphenation exceptions out of 8191
 102i,11n,103p,736b,609s stack positions out of 5000i,500n,10000p,200000b,80000s
{/usr/local/texlive/2021/texmf-dist/fonts/enc/dvips/base/8r.enc}</usr/local/t
exlive/2021/texmf-dist/fonts/type1/public/amsfonts/cm/cmmi10.pfb></usr/local/te
xlive/2021/texmf-dist/fonts/type1/public/amsfonts/cm/cmr10.pfb></usr/local/texl
ive/2021/texmf-dist/fonts/type1/public/amsfonts/cm/cmsy10.pfb></usr/local/texli
ve/2021/texmf-dist/fonts/type1/urw/symbol/usyr.pfb></usr/local/texlive/2021/tex
mf-dist/fonts/type1/urw/symbol/usyr.pfb></usr/local/texlive/2021/texmf-dist/fon
ts/type1/urw/times/utmb8a.pfb></usr/local/texlive/2021/texmf-dist/fonts/type1/u
rw/times/utmr8a.pfb></usr/local/texlive/2021/texmf-dist/fonts/type1/urw/times/u
tmri8a.pfb>
Output written on main.pdf (19 pages, 4746580 bytes).
PDF statistics:
 253 PDF objects out of 1000 (max. 8388607)
 73 compressed objects within 1 object stream
 0 named destinations out of 1000 (max. 500000)
 388 words of extra memory for PDF output out of 10000 (max. 10000000)

